Started GET "/" for ::1 at 2024-01-16 22:10:21 -0500
  [1m[35m (7.5ms)[0m  [1m[35mCREATE TABLE "schema_migrations" ("version" varchar NOT NULL PRIMARY KEY)[0m
  [1m[35m (0.2ms)[0m  [1m[35mCREATE TABLE "ar_internal_metadata" ("key" varchar NOT NULL PRIMARY KEY, "value" varchar, "created_at" datetime(6) NOT NULL, "updated_at" datetime(6) NOT NULL)[0m
  [1m[36mActiveRecord::SchemaMigration Load (0.1ms)[0m  [1m[34mSELECT "schema_migrations"."version" FROM "schema_migrations" ORDER BY "schema_migrations"."version" ASC[0m
Processing by Rails::WelcomeController#index as HTML
  Rendering C:/Ruby32-x64/lib/ruby/gems/3.2.0/gems/railties-7.1.3/lib/rails/templates/rails/welcome/index.html.erb
  Rendered C:/Ruby32-x64/lib/ruby/gems/3.2.0/gems/railties-7.1.3/lib/rails/templates/rails/welcome/index.html.erb (Duration: 1.1ms | Allocations: 376)
Completed 200 OK in 99ms (Views: 25.3ms | ActiveRecord: 0.0ms | Allocations: 8797)


Started GET "/" for ::1 at 2024-01-16 22:23:46 -0500
  [1m[36mActiveRecord::SchemaMigration Load (0.2ms)[0m  [1m[34mSELECT "schema_migrations"."version" FROM "schema_migrations" ORDER BY "schema_migrations"."version" ASC[0m
  
ActionController::RoutingError (uninitialized constant HomeController):
  
Started GET "/" for ::1 at 2024-01-16 22:24:01 -0500
  
ActionController::RoutingError (uninitialized constant HomeController):
  
Started GET "/" for ::1 at 2024-01-16 22:27:44 -0500
  
ActionController::RoutingError (uninitialized constant HomeController):
  
Started GET "/" for ::1 at 2024-01-16 22:29:41 -0500
  
ActionController::RoutingError (uninitialized constant HomeController):
  
Started GET "/" for ::1 at 2024-01-16 22:30:11 -0500
Processing by HomeController#index as HTML
  Rendering layout layouts/application.html.erb
  Rendering home/index.html.erb within layouts/application
  Rendered home/index.html.erb within layouts/application (Duration: 0.7ms | Allocations: 96)
  Rendered layout layouts/application.html.erb (Duration: 540.6ms | Allocations: 119413)
Completed 500 Internal Server Error in 571ms (ActiveRecord: 0.0ms | Allocations: 121323)


  
ActionView::Template::Error (Permission denied @ rb_file_s_rename - (C:/Users/Hannan/Desktop/Coding Projects/Murch/MuslimMerch/tmp/cache/assets/sprockets/v4.0.0/C3/C39eNL52jptaNLIJYhpI_aUy1nQh8E4Vnjzng4_A8Vw.cache.38280.4956.267392, C:/Users/Hannan/Desktop/Coding Projects/Murch/MuslimMerch/tmp/cache/assets/sprockets/v4.0.0/C3/C39eNL52jptaNLIJYhpI_aUy1nQh8E4Vnjzng4_A8Vw.cache)):
  
sprockets (4.2.1) lib/sprockets/path_utils.rb:362:in `rename'
sprockets (4.2.1) lib/sprockets/path_utils.rb:362:in `atomic_write'
sprockets (4.2.1) lib/sprockets/cache/file_store.rb:112:in `set'
sprockets (4.2.1) lib/sprockets/cache.rb:227:in `set'
sprockets (4.2.1) lib/sprockets/cache.rb:143:in `set'
sprockets (4.2.1) lib/sprockets/loader.rb:268:in `store_asset'
sprockets (4.2.1) lib/sprockets/loader.rb:228:in `load_from_unloaded'
sprockets (4.2.1) lib/sprockets/loader.rb:59:in `block in load'
sprockets (4.2.1) lib/sprockets/loader.rb:339:in `fetch_asset_from_dependency_cache'
sprockets (4.2.1) lib/sprockets/loader.rb:43:in `load'
sprockets (4.2.1) lib/sprockets/cached_environment.rb:44:in `block in load'
concurrent-ruby (1.2.3) lib/concurrent-ruby/concurrent/map.rb:207:in `block in fetch_or_store'
concurrent-ruby (1.2.3) lib/concurrent-ruby/concurrent/map.rb:187:in `fetch'
concurrent-ruby (1.2.3) lib/concurrent-ruby/concurrent/map.rb:206:in `fetch_or_store'
sprockets (4.2.1) lib/sprockets/cached_environment.rb:44:in `load'
sprockets (4.2.1) lib/sprockets/bundle.rb:27:in `call'
sprockets (4.2.1) lib/sprockets/processor_utils.rb:84:in `call_processor'
sprockets (4.2.1) lib/sprockets/processor_utils.rb:66:in `block in call_processors'
sprockets (4.2.1) lib/sprockets/processor_utils.rb:65:in `reverse_each'
sprockets (4.2.1) lib/sprockets/processor_utils.rb:65:in `call_processors'
sprockets (4.2.1) lib/sprockets/loader.rb:184:in `load_from_unloaded'
sprockets (4.2.1) lib/sprockets/loader.rb:59:in `block in load'
sprockets (4.2.1) lib/sprockets/loader.rb:339:in `fetch_asset_from_dependency_cache'
sprockets (4.2.1) lib/sprockets/loader.rb:43:in `load'
sprockets (4.2.1) lib/sprockets/cached_environment.rb:44:in `block in load'
concurrent-ruby (1.2.3) lib/concurrent-ruby/concurrent/map.rb:207:in `block in fetch_or_store'
concurrent-ruby (1.2.3) lib/concurrent-ruby/concurrent/map.rb:187:in `fetch'
concurrent-ruby (1.2.3) lib/concurrent-ruby/concurrent/map.rb:206:in `fetch_or_store'
sprockets (4.2.1) lib/sprockets/cached_environment.rb:44:in `load'
sprockets (4.2.1) lib/sprockets/bundle.rb:32:in `block in call'
C:/Ruby32-x64/lib/ruby/3.2.0/set.rb:511:in `each_key'
C:/Ruby32-x64/lib/ruby/3.2.0/set.rb:511:in `each'
sprockets (4.2.1) lib/sprockets/bundle.rb:31:in `call'
sprockets (4.2.1) lib/sprockets/processor_utils.rb:84:in `call_processor'
sprockets (4.2.1) lib/sprockets/processor_utils.rb:66:in `block in call_processors'
sprockets (4.2.1) lib/sprockets/processor_utils.rb:65:in `reverse_each'
sprockets (4.2.1) lib/sprockets/processor_utils.rb:65:in `call_processors'
sprockets (4.2.1) lib/sprockets/loader.rb:184:in `load_from_unloaded'
sprockets (4.2.1) lib/sprockets/loader.rb:59:in `block in load'
sprockets (4.2.1) lib/sprockets/loader.rb:339:in `fetch_asset_from_dependency_cache'
sprockets (4.2.1) lib/sprockets/loader.rb:43:in `load'
sprockets (4.2.1) lib/sprockets/cached_environment.rb:44:in `block in load'
concurrent-ruby (1.2.3) lib/concurrent-ruby/concurrent/map.rb:207:in `block in fetch_or_store'
concurrent-ruby (1.2.3) lib/concurrent-ruby/concurrent/map.rb:187:in `fetch'
concurrent-ruby (1.2.3) lib/concurrent-ruby/concurrent/map.rb:206:in `fetch_or_store'
sprockets (4.2.1) lib/sprockets/cached_environment.rb:44:in `load'
sprockets (4.2.1) lib/sprockets/base.rb:81:in `find_asset'
sprockets (4.2.1) lib/sprockets/base.rb:88:in `find_all_linked_assets'
sprockets (4.2.1) lib/sprockets/manifest.rb:125:in `each'
sprockets (4.2.1) lib/sprockets/manifest.rb:125:in `to_a'
sprockets (4.2.1) lib/sprockets/manifest.rb:125:in `block (2 levels) in find'
concurrent-ruby (1.2.3) lib/concurrent-ruby/concurrent/executor/safe_task_executor.rb:24:in `block in execute'
concurrent-ruby (1.2.3) lib/concurrent-ruby/concurrent/synchronization/mutex_lockable_object.rb:48:in `block in synchronize'
concurrent-ruby (1.2.3) lib/concurrent-ruby/concurrent/synchronization/mutex_lockable_object.rb:48:in `synchronize'
concurrent-ruby (1.2.3) lib/concurrent-ruby/concurrent/synchronization/mutex_lockable_object.rb:48:in `synchronize'
concurrent-ruby (1.2.3) lib/concurrent-ruby/concurrent/executor/safe_task_executor.rb:22:in `execute'
concurrent-ruby (1.2.3) lib/concurrent-ruby/concurrent/promise.rb:564:in `block in realize'
concurrent-ruby (1.2.3) lib/concurrent-ruby/concurrent/executor/ruby_thread_pool_executor.rb:359:in `run_task'
concurrent-ruby (1.2.3) lib/concurrent-ruby/concurrent/executor/ruby_thread_pool_executor.rb:350:in `block (3 levels) in create_worker'
concurrent-ruby (1.2.3) lib/concurrent-ruby/concurrent/executor/ruby_thread_pool_executor.rb:341:in `loop'
concurrent-ruby (1.2.3) lib/concurrent-ruby/concurrent/executor/ruby_thread_pool_executor.rb:341:in `block (2 levels) in create_worker'
concurrent-ruby (1.2.3) lib/concurrent-ruby/concurrent/executor/ruby_thread_pool_executor.rb:340:in `catch'
concurrent-ruby (1.2.3) lib/concurrent-ruby/concurrent/executor/ruby_thread_pool_executor.rb:340:in `block in create_worker'
Started GET "/" for ::1 at 2024-01-16 22:32:32 -0500
  [1m[36mActiveRecord::SchemaMigration Load (0.2ms)[0m  [1m[34mSELECT "schema_migrations"."version" FROM "schema_migrations" ORDER BY "schema_migrations"."version" ASC[0m
Processing by HomeController#index as HTML
  Rendering layout layouts/application.html.erb
  Rendering home/index.html.erb within layouts/application
  Rendered home/index.html.erb within layouts/application (Duration: 0.6ms | Allocations: 185)
  Rendered layout layouts/application.html.erb (Duration: 285.0ms | Allocations: 52272)
Completed 500 Internal Server Error in 331ms (ActiveRecord: 0.0ms | Allocations: 57231)


  
ActionView::Template::Error (The asset "application.css" is not present in the asset pipeline.
):
     7:     <%= csp_meta_tag %>
     8:     <%= stylesheet_link_tag "tailwind", "inter-font", "data-turbo-track": "reload" %>
     9: 
    10:     <%= stylesheet_link_tag "application", "data-turbo-track": "reload" %>
    11:     <%= javascript_importmap_tags %>
    12:   </head>
    13: 
  
app/views/layouts/application.html.erb:10
Started GET "/" for ::1 at 2024-01-16 22:32:53 -0500
Processing by HomeController#index as HTML
  Rendering layout layouts/application.html.erb
  Rendering home/index.html.erb within layouts/application
  Rendered home/index.html.erb within layouts/application (Duration: 1.0ms | Allocations: 94)
  Rendered layout layouts/application.html.erb (Duration: 28.2ms | Allocations: 8663)
Completed 500 Internal Server Error in 42ms (ActiveRecord: 0.0ms | Allocations: 9574)


  
ActionView::Template::Error (The asset "application.css" is not present in the asset pipeline.
):
     7:     <%= csp_meta_tag %>
     8:     <%= stylesheet_link_tag "tailwind", "inter-font", "data-turbo-track": "reload" %>
     9: 
    10:     <%= stylesheet_link_tag "application", "data-turbo-track": "reload" %>
    11:     <%= javascript_importmap_tags %>
    12:   </head>
    13: 
  
app/views/layouts/application.html.erb:10
Started GET "/" for ::1 at 2024-01-16 22:33:59 -0500
Processing by HomeController#index as HTML
  Rendering layout layouts/application.html.erb
  Rendering home/index.html.erb within layouts/application
  Rendered home/index.html.erb within layouts/application (Duration: 0.6ms | Allocations: 93)
  Rendered layout layouts/application.html.erb (Duration: 27.2ms | Allocations: 8703)
Completed 500 Internal Server Error in 55ms (ActiveRecord: 0.0ms | Allocations: 9614)


  
ActionView::Template::Error (The asset "application.css" is not present in the asset pipeline.
):
     7:     <%= csp_meta_tag %>
     8:     <%= stylesheet_link_tag "tailwind", "inter-font", "data-turbo-track": "reload" %>
     9: 
    10:     <%= stylesheet_link_tag "application", "data-turbo-track": "reload" %>
    11:     <%= javascript_importmap_tags %>
    12:   </head>
    13: 
  
app/views/layouts/application.html.erb:10
Started GET "/" for ::1 at 2024-01-16 22:35:13 -0500
Processing by HomeController#index as HTML
  Rendering layout layouts/application.html.erb
  Rendering home/index.html.erb within layouts/application
  Rendered home/index.html.erb within layouts/application (Duration: 0.0ms | Allocations: 6)
  Rendered layout layouts/application.html.erb (Duration: 1196.6ms | Allocations: 171603)
Completed 500 Internal Server Error in 1202ms (ActiveRecord: 0.0ms | Allocations: 171858)


  
ActionView::Template::Error (Missing partial shared/_navbar with {:locale=>[:en], :formats=>[:html], :variants=>[], :handlers=>[:raw, :erb, :html, :builder, :ruby, :jbuilder]}.

Searched in:
  * "C:/Users/Hannan/Desktop/Coding Projects/Murch/MuslimMerch/app/views"
  * "C:/Ruby32-x64/lib/ruby/gems/3.2.0/gems/devise-4.9.3/app/views"
  * "C:/Ruby32-x64/lib/ruby/gems/3.2.0/gems/turbo-rails-1.5.0/app/views"
  * "C:/Ruby32-x64/lib/ruby/gems/3.2.0/gems/actiontext-7.1.3/app/views"
  * "C:/Ruby32-x64/lib/ruby/gems/3.2.0/gems/actionmailbox-7.1.3/app/views"
):
    12:   </head>
    13: 
    14:   <body>
    15:     <%= render "shared/navbar" %>
    16:     <main class="container mx-auto mt-28 max-w-7xl px-2 sm:px-6 lg:px-8">
    17:       <%= yield %>
    18:     </main>
  
app/views/layouts/application.html.erb:15
Started GET "/" for ::1 at 2024-01-16 22:36:32 -0500
Processing by HomeController#index as HTML
  Rendering layout layouts/application.html.erb
  Rendering home/index.html.erb within layouts/application
  Rendered home/index.html.erb within layouts/application (Duration: 0.6ms | Allocations: 93)
  Rendered layout layouts/application.html.erb (Duration: 68.1ms | Allocations: 29347)
Completed 200 OK in 96ms (Views: 90.7ms | ActiveRecord: 0.0ms | Allocations: 30323)


Started GET "/" for ::1 at 2024-01-16 22:38:01 -0500
Processing by HomeController#index as HTML
  Rendering layout layouts/application.html.erb
  Rendering home/index.html.erb within layouts/application
  Rendered home/index.html.erb within layouts/application (Duration: 0.8ms | Allocations: 143)
  Rendered layout layouts/application.html.erb (Duration: 134.2ms | Allocations: 32445)
Completed 200 OK in 165ms (Views: 142.7ms | ActiveRecord: 0.0ms | Allocations: 33375)


Started GET "/" for ::1 at 2024-01-16 22:39:01 -0500
Processing by HomeController#index as HTML
  Rendering layout layouts/application.html.erb
  Rendering home/index.html.erb within layouts/application
  Rendered home/index.html.erb within layouts/application (Duration: 0.7ms | Allocations: 170)
  Rendered layout layouts/application.html.erb (Duration: 64.9ms | Allocations: 29530)
Completed 200 OK in 90ms (Views: 73.0ms | ActiveRecord: 0.0ms | Allocations: 30460)


Started GET "/" for ::1 at 2024-01-16 22:56:03 -0500
Processing by HomeController#index as HTML
  Rendering layout layouts/application.html.erb
  Rendering home/index.html.erb within layouts/application
  Rendered home/index.html.erb within layouts/application (Duration: 0.1ms | Allocations: 34)
  Rendered layout layouts/application.html.erb (Duration: 38.4ms | Allocations: 10661)
Completed 200 OK in 43ms (Views: 39.2ms | ActiveRecord: 0.0ms | Allocations: 10927)


Started GET "/" for ::1 at 2024-01-17 12:19:32 -0500
  [1m[36mActiveRecord::SchemaMigration Load (0.2ms)[0m  [1m[34mSELECT "schema_migrations"."version" FROM "schema_migrations" ORDER BY "schema_migrations"."version" ASC[0m
Processing by HomeController#index as HTML
  Rendering layout layouts/application.html.erb
  Rendering home/index.html.erb within layouts/application
  Rendered home/index.html.erb within layouts/application (Duration: 0.7ms | Allocations: 300)
  Rendered layout layouts/application.html.erb (Duration: 1926.6ms | Allocations: 90369)
Completed 200 OK in 2195ms (Views: 1986.0ms | ActiveRecord: 0.0ms | Allocations: 95386)


Started GET "/admin/sign_in" for ::1 at 2024-01-17 15:53:18 -0500
  [1m[36mActiveRecord::SchemaMigration Load (0.1ms)[0m  [1m[34mSELECT "schema_migrations"."version" FROM "schema_migrations" ORDER BY "schema_migrations"."version" ASC[0m
  
ActiveRecord::PendingMigrationError (

Migrations are pending. To resolve this issue, run:

        bin/rails db:migrate

You have 1 pending migration:

db/migrate/20240117205236_devise_create_admins.rb


):
  
activerecord (7.1.3) lib/active_record/migration.rb:755:in `check_pending_migrations'
activerecord (7.1.3) lib/active_record/migration.rb:644:in `block (2 levels) in call'
activesupport (7.1.3) lib/active_support/file_update_checker.rb:85:in `execute'
activerecord (7.1.3) lib/active_record/migration.rb:649:in `block in call'
activerecord (7.1.3) lib/active_record/migration.rb:641:in `synchronize'
activerecord (7.1.3) lib/active_record/migration.rb:641:in `call'
actionpack (7.1.3) lib/action_dispatch/middleware/callbacks.rb:29:in `block in call'
activesupport (7.1.3) lib/active_support/callbacks.rb:101:in `run_callbacks'
actionpack (7.1.3) lib/action_dispatch/middleware/callbacks.rb:28:in `call'
actionpack (7.1.3) lib/action_dispatch/middleware/executor.rb:14:in `call'
actionpack (7.1.3) lib/action_dispatch/middleware/actionable_exceptions.rb:16:in `call'
actionpack (7.1.3) lib/action_dispatch/middleware/debug_exceptions.rb:29:in `call'
web-console (4.2.1) lib/web_console/middleware.rb:132:in `call_app'
web-console (4.2.1) lib/web_console/middleware.rb:28:in `block in call'
web-console (4.2.1) lib/web_console/middleware.rb:17:in `catch'
web-console (4.2.1) lib/web_console/middleware.rb:17:in `call'
actionpack (7.1.3) lib/action_dispatch/middleware/show_exceptions.rb:31:in `call'
railties (7.1.3) lib/rails/rack/logger.rb:37:in `call_app'
railties (7.1.3) lib/rails/rack/logger.rb:24:in `block in call'
activesupport (7.1.3) lib/active_support/tagged_logging.rb:135:in `block in tagged'
activesupport (7.1.3) lib/active_support/tagged_logging.rb:39:in `tagged'
activesupport (7.1.3) lib/active_support/tagged_logging.rb:135:in `tagged'
activesupport (7.1.3) lib/active_support/broadcast_logger.rb:240:in `method_missing'
railties (7.1.3) lib/rails/rack/logger.rb:24:in `call'
sprockets-rails (3.4.2) lib/sprockets/rails/quiet_assets.rb:13:in `call'
actionpack (7.1.3) lib/action_dispatch/middleware/remote_ip.rb:92:in `call'
actionpack (7.1.3) lib/action_dispatch/middleware/request_id.rb:28:in `call'
rack (3.0.8) lib/rack/method_override.rb:28:in `call'
rack (3.0.8) lib/rack/runtime.rb:24:in `call'
activesupport (7.1.3) lib/active_support/cache/strategy/local_cache_middleware.rb:29:in `call'
actionpack (7.1.3) lib/action_dispatch/middleware/server_timing.rb:59:in `block in call'
actionpack (7.1.3) lib/action_dispatch/middleware/server_timing.rb:24:in `collect_events'
actionpack (7.1.3) lib/action_dispatch/middleware/server_timing.rb:58:in `call'
actionpack (7.1.3) lib/action_dispatch/middleware/executor.rb:14:in `call'
actionpack (7.1.3) lib/action_dispatch/middleware/static.rb:25:in `call'
rack (3.0.8) lib/rack/sendfile.rb:114:in `call'
actionpack (7.1.3) lib/action_dispatch/middleware/host_authorization.rb:141:in `call'
railties (7.1.3) lib/rails/engine.rb:536:in `call'
puma (6.4.2) lib/puma/configuration.rb:272:in `call'
puma (6.4.2) lib/puma/request.rb:100:in `block in handle_request'
puma (6.4.2) lib/puma/thread_pool.rb:378:in `with_force_shutdown'
puma (6.4.2) lib/puma/request.rb:99:in `handle_request'
puma (6.4.2) lib/puma/server.rb:464:in `process_client'
puma (6.4.2) lib/puma/server.rb:245:in `block in run'
puma (6.4.2) lib/puma/thread_pool.rb:155:in `block in spawn_thread'
  [1m[36mActiveRecord::InternalMetadata Load (0.6ms)[0m  [1m[34mSELECT * FROM "ar_internal_metadata" WHERE "ar_internal_metadata"."key" = ? ORDER BY "ar_internal_metadata"."key" ASC LIMIT 1[0m  [[nil, "environment"]]
  [1m[36mActiveRecord::InternalMetadata Create (7.6ms)[0m  [1m[32mINSERT INTO "ar_internal_metadata" ("key", "value", "created_at", "updated_at") VALUES ('environment', 'development', '2024-01-17 20:54:28.040256', '2024-01-17 20:54:28.040260') RETURNING "key"[0m
  [1m[36mActiveRecord::SchemaMigration Load (0.1ms)[0m  [1m[34mSELECT "schema_migrations"."version" FROM "schema_migrations" ORDER BY "schema_migrations"."version" ASC[0m
Migrating to DeviseCreateAdmins (20240117205236)
  [1m[36mTRANSACTION (0.1ms)[0m  [1m[36mbegin transaction[0m
  [1m[35m (1.7ms)[0m  [1m[35mCREATE TABLE "admins" ("id" integer PRIMARY KEY AUTOINCREMENT NOT NULL, "email" varchar DEFAULT '' NOT NULL, "encrypted_password" varchar DEFAULT '' NOT NULL, "reset_password_token" varchar, "reset_password_sent_at" datetime(6), "remember_created_at" datetime(6), "created_at" datetime(6) NOT NULL, "updated_at" datetime(6) NOT NULL)[0m
  [1m[35m (0.1ms)[0m  [1m[35mCREATE UNIQUE INDEX "index_admins_on_email" ON "admins" ("email")[0m
  [1m[35m (0.1ms)[0m  [1m[35mCREATE UNIQUE INDEX "index_admins_on_reset_password_token" ON "admins" ("reset_password_token")[0m
  [1m[36mActiveRecord::SchemaMigration Create (0.1ms)[0m  [1m[32mINSERT INTO "schema_migrations" ("version") VALUES ('20240117205236') RETURNING "version"[0m
  [1m[36mTRANSACTION (0.2ms)[0m  [1m[36mcommit transaction[0m
  [1m[36mActiveRecord::SchemaMigration Load (0.0ms)[0m  [1m[34mSELECT "schema_migrations"."version" FROM "schema_migrations" ORDER BY "schema_migrations"."version" ASC[0m
Started GET "/admin/sign_in" for 127.0.0.1 at 2024-01-17 16:06:26 -0500
  [1m[36mActiveRecord::SchemaMigration Load (0.1ms)[0m  [1m[34mSELECT "schema_migrations"."version" FROM "schema_migrations" ORDER BY "schema_migrations"."version" ASC[0m
  
ActionController::RoutingError (No route matches [GET] "/admin/sign_in"):
  
Started GET "/admins/sign_in" for ::1 at 2024-01-17 16:08:32 -0500
Processing by Devise::SessionsController#new as HTML
  Rendering layout layouts/application.html.erb
  Rendering C:/Ruby32-x64/lib/ruby/gems/3.2.0/gems/devise-4.9.3/app/views/devise/sessions/new.html.erb within layouts/application
  Rendered C:/Ruby32-x64/lib/ruby/gems/3.2.0/gems/devise-4.9.3/app/views/devise/shared/_links.html.erb (Duration: 1.2ms | Allocations: 577)
  Rendered C:/Ruby32-x64/lib/ruby/gems/3.2.0/gems/devise-4.9.3/app/views/devise/sessions/new.html.erb within layouts/application (Duration: 137.1ms | Allocations: 4499)
  Rendered layout layouts/application.html.erb (Duration: 2262.7ms | Allocations: 94331)
Completed 200 OK in 2414ms (Views: 2304.5ms | ActiveRecord: 3.3ms | Allocations: 110620)


  [1m[36mTRANSACTION (0.1ms)[0m  [1m[36mbegin transaction[0m
  [1m[36mAdmin Exists? (0.8ms)[0m  [1m[34mSELECT 1 AS one FROM "admins" WHERE "admins"."email" = ? LIMIT ?[0m  [["email", "admin@gmail.com"], ["LIMIT", 1]]
  [1m[36mTRANSACTION (0.1ms)[0m  [1m[31mrollback transaction[0m
Started GET "/admins/sign_in" for ::1 at 2024-01-17 16:36:00 -0500
  [1m[36mActiveRecord::SchemaMigration Load (0.3ms)[0m  [1m[34mSELECT "schema_migrations"."version" FROM "schema_migrations" ORDER BY "schema_migrations"."version" ASC[0m
Processing by Devise::SessionsController#new as HTML
  Rendering layout layouts/application.html.erb
  Rendering C:/Ruby32-x64/lib/ruby/gems/3.2.0/gems/devise-4.9.3/app/views/devise/sessions/new.html.erb within layouts/application
  Rendered C:/Ruby32-x64/lib/ruby/gems/3.2.0/gems/devise-4.9.3/app/views/devise/shared/_links.html.erb (Duration: 1.3ms | Allocations: 586)
  Rendered C:/Ruby32-x64/lib/ruby/gems/3.2.0/gems/devise-4.9.3/app/views/devise/sessions/new.html.erb within layouts/application (Duration: 27.1ms | Allocations: 3715)
  Rendered layout layouts/application.html.erb (Duration: 401.4ms | Allocations: 93459)
Completed 200 OK in 602ms (Views: 449.3ms | ActiveRecord: 3.4ms | Allocations: 113700)


Started POST "/admins/sign_in" for ::1 at 2024-01-17 16:36:06 -0500
Processing by Devise::SessionsController#create as TURBO_STREAM
  Parameters: {"authenticity_token"=>"[FILTERED]", "admin"=>{"email"=>"admin@gmail.com", "password"=>"[FILTERED]", "remember_me"=>"0"}, "commit"=>"Log in"}
  [1m[36mAdmin Load (0.4ms)[0m  [1m[34mSELECT "admins".* FROM "admins" WHERE "admins"."email" = ? ORDER BY "admins"."id" ASC LIMIT ?[0m  [["email", "admin@gmail.com"], ["LIMIT", 1]]
Completed 401 Unauthorized in 38ms (ActiveRecord: 0.4ms | Allocations: 5010)


Processing by Devise::SessionsController#new as TURBO_STREAM
  Parameters: {"authenticity_token"=>"[FILTERED]", "admin"=>{"email"=>"admin@gmail.com", "password"=>"[FILTERED]", "remember_me"=>"0"}, "commit"=>"Log in"}
  Rendering layout layouts/application.html.erb
  Rendering C:/Ruby32-x64/lib/ruby/gems/3.2.0/gems/devise-4.9.3/app/views/devise/sessions/new.html.erb within layouts/application
  Rendered C:/Ruby32-x64/lib/ruby/gems/3.2.0/gems/devise-4.9.3/app/views/devise/shared/_links.html.erb (Duration: 0.1ms | Allocations: 115)
  Rendered C:/Ruby32-x64/lib/ruby/gems/3.2.0/gems/devise-4.9.3/app/views/devise/sessions/new.html.erb within layouts/application (Duration: 4.8ms | Allocations: 876)
  Rendered layout layouts/application.html.erb (Duration: 39.3ms | Allocations: 11315)
Completed 200 OK in 261ms (Views: 40.1ms | ActiveRecord: 0.0ms | Allocations: 12573)


Started POST "/admins/sign_in" for ::1 at 2024-01-17 16:36:09 -0500
Processing by Devise::SessionsController#create as TURBO_STREAM
  Parameters: {"authenticity_token"=>"[FILTERED]", "admin"=>{"email"=>"admin@gmail.com", "password"=>"[FILTERED]", "remember_me"=>"0"}, "commit"=>"Log in"}
  [1m[36mAdmin Load (0.3ms)[0m  [1m[34mSELECT "admins".* FROM "admins" WHERE "admins"."email" = ? ORDER BY "admins"."id" ASC LIMIT ?[0m  [["email", "admin@gmail.com"], ["LIMIT", 1]]
Completed 401 Unauthorized in 5ms (ActiveRecord: 0.3ms | Allocations: 1442)


Processing by Devise::SessionsController#new as TURBO_STREAM
  Parameters: {"authenticity_token"=>"[FILTERED]", "admin"=>{"email"=>"admin@gmail.com", "password"=>"[FILTERED]", "remember_me"=>"0"}, "commit"=>"Log in"}
  Rendering layout layouts/application.html.erb
  Rendering C:/Ruby32-x64/lib/ruby/gems/3.2.0/gems/devise-4.9.3/app/views/devise/sessions/new.html.erb within layouts/application
  Rendered C:/Ruby32-x64/lib/ruby/gems/3.2.0/gems/devise-4.9.3/app/views/devise/shared/_links.html.erb (Duration: 0.1ms | Allocations: 115)
  Rendered C:/Ruby32-x64/lib/ruby/gems/3.2.0/gems/devise-4.9.3/app/views/devise/sessions/new.html.erb within layouts/application (Duration: 1.4ms | Allocations: 853)
  Rendered layout layouts/application.html.erb (Duration: 36.0ms | Allocations: 11275)
Completed 200 OK in 241ms (Views: 36.9ms | ActiveRecord: 0.0ms | Allocations: 11779)


Started POST "/admins/sign_in" for ::1 at 2024-01-17 16:36:32 -0500
Processing by Devise::SessionsController#create as TURBO_STREAM
  Parameters: {"authenticity_token"=>"[FILTERED]", "admin"=>{"email"=>"admin@gmail.com", "password"=>"[FILTERED]", "remember_me"=>"0"}, "commit"=>"Log in"}
  [1m[36mAdmin Load (0.1ms)[0m  [1m[34mSELECT "admins".* FROM "admins" WHERE "admins"."email" = ? ORDER BY "admins"."id" ASC LIMIT ?[0m  [["email", "admin@gmail.com"], ["LIMIT", 1]]
Completed 401 Unauthorized in 6ms (ActiveRecord: 0.1ms | Allocations: 1433)


Processing by Devise::SessionsController#new as TURBO_STREAM
  Parameters: {"authenticity_token"=>"[FILTERED]", "admin"=>{"email"=>"admin@gmail.com", "password"=>"[FILTERED]", "remember_me"=>"0"}, "commit"=>"Log in"}
  Rendering layout layouts/application.html.erb
  Rendering C:/Ruby32-x64/lib/ruby/gems/3.2.0/gems/devise-4.9.3/app/views/devise/sessions/new.html.erb within layouts/application
  Rendered C:/Ruby32-x64/lib/ruby/gems/3.2.0/gems/devise-4.9.3/app/views/devise/shared/_links.html.erb (Duration: 0.1ms | Allocations: 115)
  Rendered C:/Ruby32-x64/lib/ruby/gems/3.2.0/gems/devise-4.9.3/app/views/devise/sessions/new.html.erb within layouts/application (Duration: 1.4ms | Allocations: 853)
  Rendered layout layouts/application.html.erb (Duration: 81.7ms | Allocations: 11373)
Completed 200 OK in 291ms (Views: 82.5ms | ActiveRecord: 0.0ms | Allocations: 11878)


Started POST "/admins/sign_in" for ::1 at 2024-01-17 16:36:33 -0500
Processing by Devise::SessionsController#create as TURBO_STREAM
  Parameters: {"authenticity_token"=>"[FILTERED]", "admin"=>{"email"=>"admin@gmail.com", "password"=>"[FILTERED]", "remember_me"=>"0"}, "commit"=>"Log in"}
Completed 401 Unauthorized in 4ms (ActiveRecord: 0.0ms | Allocations: 381)


Processing by Devise::SessionsController#new as TURBO_STREAM
  Parameters: {"authenticity_token"=>"[FILTERED]", "admin"=>{"email"=>"admin@gmail.com", "password"=>"[FILTERED]", "remember_me"=>"0"}, "commit"=>"Log in"}
  Rendering layout layouts/application.html.erb
  Rendering C:/Ruby32-x64/lib/ruby/gems/3.2.0/gems/devise-4.9.3/app/views/devise/sessions/new.html.erb within layouts/application
  Rendered C:/Ruby32-x64/lib/ruby/gems/3.2.0/gems/devise-4.9.3/app/views/devise/shared/_links.html.erb (Duration: 0.1ms | Allocations: 115)
  Rendered C:/Ruby32-x64/lib/ruby/gems/3.2.0/gems/devise-4.9.3/app/views/devise/sessions/new.html.erb within layouts/application (Duration: 1.4ms | Allocations: 853)
  Rendered layout layouts/application.html.erb (Duration: 36.2ms | Allocations: 11339)
Completed 200 OK in 41ms (Views: 37.7ms | ActiveRecord: 0.0ms | Allocations: 11808)


Started POST "/admins/sign_in" for ::1 at 2024-01-17 16:36:36 -0500
Processing by Devise::SessionsController#create as TURBO_STREAM
  Parameters: {"authenticity_token"=>"[FILTERED]", "admin"=>{"email"=>"admin@gmail.com", "password"=>"[FILTERED]", "remember_me"=>"0"}, "commit"=>"Log in"}
  [1m[36mAdmin Load (0.1ms)[0m  [1m[34mSELECT "admins".* FROM "admins" WHERE "admins"."email" = ? ORDER BY "admins"."id" ASC LIMIT ?[0m  [["email", "admin@gmail.com"], ["LIMIT", 1]]
Completed 401 Unauthorized in 5ms (ActiveRecord: 0.1ms | Allocations: 1436)


Processing by Devise::SessionsController#new as TURBO_STREAM
  Parameters: {"authenticity_token"=>"[FILTERED]", "admin"=>{"email"=>"admin@gmail.com", "password"=>"[FILTERED]", "remember_me"=>"0"}, "commit"=>"Log in"}
  Rendering layout layouts/application.html.erb
  Rendering C:/Ruby32-x64/lib/ruby/gems/3.2.0/gems/devise-4.9.3/app/views/devise/sessions/new.html.erb within layouts/application
  Rendered C:/Ruby32-x64/lib/ruby/gems/3.2.0/gems/devise-4.9.3/app/views/devise/shared/_links.html.erb (Duration: 0.1ms | Allocations: 115)
  Rendered C:/Ruby32-x64/lib/ruby/gems/3.2.0/gems/devise-4.9.3/app/views/devise/sessions/new.html.erb within layouts/application (Duration: 1.4ms | Allocations: 853)
  Rendered layout layouts/application.html.erb (Duration: 37.3ms | Allocations: 11276)
Completed 200 OK in 244ms (Views: 38.2ms | ActiveRecord: 0.0ms | Allocations: 11780)


Started POST "/admins/sign_in" for ::1 at 2024-01-17 16:36:42 -0500
Processing by Devise::SessionsController#create as TURBO_STREAM
  Parameters: {"authenticity_token"=>"[FILTERED]", "admin"=>{"email"=>"admin@gmail.com", "password"=>"[FILTERED]", "remember_me"=>"0"}, "commit"=>"Log in"}
  [1m[36mAdmin Load (0.1ms)[0m  [1m[34mSELECT "admins".* FROM "admins" WHERE "admins"."email" = ? ORDER BY "admins"."id" ASC LIMIT ?[0m  [["email", "admin@gmail.com"], ["LIMIT", 1]]
Completed 401 Unauthorized in 6ms (ActiveRecord: 0.1ms | Allocations: 1426)


Processing by Devise::SessionsController#new as TURBO_STREAM
  Parameters: {"authenticity_token"=>"[FILTERED]", "admin"=>{"email"=>"admin@gmail.com", "password"=>"[FILTERED]", "remember_me"=>"0"}, "commit"=>"Log in"}
  Rendering layout layouts/application.html.erb
  Rendering C:/Ruby32-x64/lib/ruby/gems/3.2.0/gems/devise-4.9.3/app/views/devise/sessions/new.html.erb within layouts/application
  Rendered C:/Ruby32-x64/lib/ruby/gems/3.2.0/gems/devise-4.9.3/app/views/devise/shared/_links.html.erb (Duration: 0.2ms | Allocations: 115)
  Rendered C:/Ruby32-x64/lib/ruby/gems/3.2.0/gems/devise-4.9.3/app/views/devise/sessions/new.html.erb within layouts/application (Duration: 1.7ms | Allocations: 853)
  Rendered layout layouts/application.html.erb (Duration: 35.9ms | Allocations: 11274)
Completed 200 OK in 242ms (Views: 36.8ms | ActiveRecord: 0.0ms | Allocations: 11776)


Started POST "/admins/sign_in" for ::1 at 2024-01-17 16:36:51 -0500
Processing by Devise::SessionsController#create as TURBO_STREAM
  Parameters: {"authenticity_token"=>"[FILTERED]", "admin"=>{"email"=>"Admin@gmail.com", "password"=>"[FILTERED]", "remember_me"=>"0"}, "commit"=>"Log in"}
  [1m[36mAdmin Load (0.1ms)[0m  [1m[34mSELECT "admins".* FROM "admins" WHERE "admins"."email" = ? ORDER BY "admins"."id" ASC LIMIT ?[0m  [["email", "admin@gmail.com"], ["LIMIT", 1]]
Completed 401 Unauthorized in 5ms (ActiveRecord: 0.1ms | Allocations: 1441)


Processing by Devise::SessionsController#new as TURBO_STREAM
  Parameters: {"authenticity_token"=>"[FILTERED]", "admin"=>{"email"=>"Admin@gmail.com", "password"=>"[FILTERED]", "remember_me"=>"0"}, "commit"=>"Log in"}
  Rendering layout layouts/application.html.erb
  Rendering C:/Ruby32-x64/lib/ruby/gems/3.2.0/gems/devise-4.9.3/app/views/devise/sessions/new.html.erb within layouts/application
  Rendered C:/Ruby32-x64/lib/ruby/gems/3.2.0/gems/devise-4.9.3/app/views/devise/shared/_links.html.erb (Duration: 0.1ms | Allocations: 115)
  Rendered C:/Ruby32-x64/lib/ruby/gems/3.2.0/gems/devise-4.9.3/app/views/devise/sessions/new.html.erb within layouts/application (Duration: 1.4ms | Allocations: 853)
  Rendered layout layouts/application.html.erb (Duration: 40.0ms | Allocations: 11381)
Completed 200 OK in 247ms (Views: 40.7ms | ActiveRecord: 0.0ms | Allocations: 11884)


Started POST "/admins/sign_in" for ::1 at 2024-01-17 16:36:54 -0500
Processing by Devise::SessionsController#create as TURBO_STREAM
  Parameters: {"authenticity_token"=>"[FILTERED]", "admin"=>{"email"=>"Admin@gmail.com", "password"=>"[FILTERED]", "remember_me"=>"0"}, "commit"=>"Log in"}
  [1m[36mAdmin Load (0.1ms)[0m  [1m[34mSELECT "admins".* FROM "admins" WHERE "admins"."email" = ? ORDER BY "admins"."id" ASC LIMIT ?[0m  [["email", "admin@gmail.com"], ["LIMIT", 1]]
Completed 401 Unauthorized in 6ms (ActiveRecord: 0.1ms | Allocations: 1438)


Processing by Devise::SessionsController#new as TURBO_STREAM
  Parameters: {"authenticity_token"=>"[FILTERED]", "admin"=>{"email"=>"Admin@gmail.com", "password"=>"[FILTERED]", "remember_me"=>"0"}, "commit"=>"Log in"}
  Rendering layout layouts/application.html.erb
  Rendering C:/Ruby32-x64/lib/ruby/gems/3.2.0/gems/devise-4.9.3/app/views/devise/sessions/new.html.erb within layouts/application
  Rendered C:/Ruby32-x64/lib/ruby/gems/3.2.0/gems/devise-4.9.3/app/views/devise/shared/_links.html.erb (Duration: 0.1ms | Allocations: 115)
  Rendered C:/Ruby32-x64/lib/ruby/gems/3.2.0/gems/devise-4.9.3/app/views/devise/sessions/new.html.erb within layouts/application (Duration: 1.5ms | Allocations: 853)
  Rendered layout layouts/application.html.erb (Duration: 36.9ms | Allocations: 11343)
Completed 200 OK in 245ms (Views: 37.7ms | ActiveRecord: 0.0ms | Allocations: 11847)


  [1m[36mTRANSACTION (0.3ms)[0m  [1m[36mbegin transaction[0m
  [1m[36mAdmin Exists? (1.2ms)[0m  [1m[34mSELECT 1 AS one FROM "admins" WHERE "admins"."email" = ? LIMIT ?[0m  [["email", "admin@gmail.com"], ["LIMIT", 1]]
  [1m[36mTRANSACTION (0.0ms)[0m  [1m[31mrollback transaction[0m
Started POST "/admins/sign_in" for ::1 at 2024-01-17 16:38:05 -0500
  [1m[36mActiveRecord::SchemaMigration Load (0.1ms)[0m  [1m[34mSELECT "schema_migrations"."version" FROM "schema_migrations" ORDER BY "schema_migrations"."version" ASC[0m
Processing by Devise::SessionsController#create as TURBO_STREAM
  Parameters: {"authenticity_token"=>"[FILTERED]", "admin"=>{"email"=>"admin@gmail.com", "password"=>"[FILTERED]", "remember_me"=>"0"}, "commit"=>"Log in"}
  [1m[36mAdmin Load (0.2ms)[0m  [1m[34mSELECT "admins".* FROM "admins" WHERE "admins"."email" = ? ORDER BY "admins"."id" ASC LIMIT ?[0m  [["email", "admin@gmail.com"], ["LIMIT", 1]]
Completed 401 Unauthorized in 47ms (ActiveRecord: 3.9ms | Allocations: 8788)


Processing by Devise::SessionsController#new as TURBO_STREAM
  Parameters: {"authenticity_token"=>"[FILTERED]", "admin"=>{"email"=>"admin@gmail.com", "password"=>"[FILTERED]", "remember_me"=>"0"}, "commit"=>"Log in"}
  Rendering layout layouts/application.html.erb
  Rendering C:/Ruby32-x64/lib/ruby/gems/3.2.0/gems/devise-4.9.3/app/views/devise/sessions/new.html.erb within layouts/application
  Rendered C:/Ruby32-x64/lib/ruby/gems/3.2.0/gems/devise-4.9.3/app/views/devise/shared/_links.html.erb (Duration: 1.0ms | Allocations: 586)
  Rendered C:/Ruby32-x64/lib/ruby/gems/3.2.0/gems/devise-4.9.3/app/views/devise/sessions/new.html.erb within layouts/application (Duration: 21.8ms | Allocations: 3493)
  Rendered layout layouts/application.html.erb (Duration: 324.0ms | Allocations: 93456)
Completed 200 OK in 611ms (Views: 354.3ms | ActiveRecord: 0.0ms | Allocations: 109181)


Started POST "/admins/sign_in" for ::1 at 2024-01-17 16:38:15 -0500
Processing by Devise::SessionsController#create as TURBO_STREAM
  Parameters: {"authenticity_token"=>"[FILTERED]", "admin"=>{"email"=>"admin@gmail.com", "password"=>"[FILTERED]", "remember_me"=>"0"}, "commit"=>"Log in"}
  [1m[36mAdmin Load (0.1ms)[0m  [1m[34mSELECT "admins".* FROM "admins" WHERE "admins"."email" = ? ORDER BY "admins"."id" ASC LIMIT ?[0m  [["email", "admin@gmail.com"], ["LIMIT", 1]]
Completed 401 Unauthorized in 6ms (ActiveRecord: 0.1ms | Allocations: 1468)


Processing by Devise::SessionsController#new as TURBO_STREAM
  Parameters: {"authenticity_token"=>"[FILTERED]", "admin"=>{"email"=>"admin@gmail.com", "password"=>"[FILTERED]", "remember_me"=>"0"}, "commit"=>"Log in"}
  Rendering layout layouts/application.html.erb
  Rendering C:/Ruby32-x64/lib/ruby/gems/3.2.0/gems/devise-4.9.3/app/views/devise/sessions/new.html.erb within layouts/application
  Rendered C:/Ruby32-x64/lib/ruby/gems/3.2.0/gems/devise-4.9.3/app/views/devise/shared/_links.html.erb (Duration: 0.3ms | Allocations: 115)
  Rendered C:/Ruby32-x64/lib/ruby/gems/3.2.0/gems/devise-4.9.3/app/views/devise/sessions/new.html.erb within layouts/application (Duration: 1.5ms | Allocations: 866)
  Rendered layout layouts/application.html.erb (Duration: 34.0ms | Allocations: 11305)
Completed 200 OK in 237ms (Views: 34.8ms | ActiveRecord: 0.0ms | Allocations: 11825)


Started GET "/" for ::1 at 2024-01-17 22:33:04 -0500
  [1m[36mActiveRecord::SchemaMigration Load (0.1ms)[0m  [1m[34mSELECT "schema_migrations"."version" FROM "schema_migrations" ORDER BY "schema_migrations"."version" ASC[0m
Processing by HomeController#index as HTML
  Rendering layout layouts/application.html.erb
  Rendering home/index.html.erb within layouts/application
  Rendered home/index.html.erb within layouts/application (Duration: 1.2ms | Allocations: 299)
  Rendered layout layouts/application.html.erb (Duration: 2038.5ms | Allocations: 90451)
Completed 200 OK in 2347ms (Views: 2120.9ms | ActiveRecord: 0.0ms | Allocations: 95460)


Started GET "/admins/sign_in" for ::1 at 2024-01-17 22:33:16 -0500
Processing by Devise::SessionsController#new as HTML
  Rendering layout layouts/application.html.erb
  Rendering C:/Ruby32-x64/lib/ruby/gems/3.2.0/gems/devise-4.9.3/app/views/devise/sessions/new.html.erb within layouts/application
  Rendered C:/Ruby32-x64/lib/ruby/gems/3.2.0/gems/devise-4.9.3/app/views/devise/shared/_links.html.erb (Duration: 1.3ms | Allocations: 586)
  Rendered C:/Ruby32-x64/lib/ruby/gems/3.2.0/gems/devise-4.9.3/app/views/devise/sessions/new.html.erb within layouts/application (Duration: 141.6ms | Allocations: 3518)
  Rendered layout layouts/application.html.erb (Duration: 178.7ms | Allocations: 14036)
Completed 200 OK in 361ms (Views: 204.9ms | ActiveRecord: 3.3ms | Allocations: 29888)


Started POST "/admins/sign_in" for ::1 at 2024-01-17 22:33:28 -0500
Processing by Devise::SessionsController#create as TURBO_STREAM
  Parameters: {"authenticity_token"=>"[FILTERED]", "admin"=>{"email"=>"admin@gmail.com", "password"=>"[FILTERED]", "remember_me"=>"0"}, "commit"=>"Log in"}
  [1m[36mAdmin Load (0.2ms)[0m  [1m[34mSELECT "admins".* FROM "admins" WHERE "admins"."email" = ? ORDER BY "admins"."id" ASC LIMIT ?[0m  [["email", "admin@gmail.com"], ["LIMIT", 1]]
Completed 401 Unauthorized in 140ms (ActiveRecord: 0.2ms | Allocations: 4853)


Processing by Devise::SessionsController#new as TURBO_STREAM
  Parameters: {"authenticity_token"=>"[FILTERED]", "admin"=>{"email"=>"admin@gmail.com", "password"=>"[FILTERED]", "remember_me"=>"0"}, "commit"=>"Log in"}
  Rendering layout layouts/application.html.erb
  Rendering C:/Ruby32-x64/lib/ruby/gems/3.2.0/gems/devise-4.9.3/app/views/devise/sessions/new.html.erb within layouts/application
  Rendered C:/Ruby32-x64/lib/ruby/gems/3.2.0/gems/devise-4.9.3/app/views/devise/shared/_links.html.erb (Duration: 0.2ms | Allocations: 115)
  Rendered C:/Ruby32-x64/lib/ruby/gems/3.2.0/gems/devise-4.9.3/app/views/devise/sessions/new.html.erb within layouts/application (Duration: 3.4ms | Allocations: 864)
  Rendered layout layouts/application.html.erb (Duration: 38.7ms | Allocations: 11287)
Completed 200 OK in 328ms (Views: 39.6ms | ActiveRecord: 0.0ms | Allocations: 12537)


  [1m[36mTRANSACTION (0.1ms)[0m  [1m[36mbegin transaction[0m
  [1m[36mAdmin Exists? (0.7ms)[0m  [1m[34mSELECT 1 AS one FROM "admins" WHERE "admins"."email" = ? LIMIT ?[0m  [["email", "admin@example.com"], ["LIMIT", 1]]
  [1m[36mAdmin Create (0.5ms)[0m  [1m[32mINSERT INTO "admins" ("email", "encrypted_password", "reset_password_token", "reset_password_sent_at", "remember_created_at", "created_at", "updated_at") VALUES (?, ?, ?, ?, ?, ?, ?) RETURNING "id"[0m  [["email", "admin@example.com"], ["encrypted_password", "[FILTERED]"], ["reset_password_token", "[FILTERED]"], ["reset_password_sent_at", "[FILTERED]"], ["remember_created_at", nil], ["created_at", "2024-01-18 03:35:29.856816"], ["updated_at", "2024-01-18 03:35:29.856816"]]
  [1m[36mTRANSACTION (7.9ms)[0m  [1m[36mcommit transaction[0m
Started GET "/admins/sign_in" for ::1 at 2024-01-17 22:35:53 -0500
  [1m[36mActiveRecord::SchemaMigration Load (0.1ms)[0m  [1m[34mSELECT "schema_migrations"."version" FROM "schema_migrations" ORDER BY "schema_migrations"."version" ASC[0m
Processing by Devise::SessionsController#new as HTML
  Rendering layout layouts/application.html.erb
  Rendering C:/Ruby32-x64/lib/ruby/gems/3.2.0/gems/devise-4.9.3/app/views/devise/sessions/new.html.erb within layouts/application
  Rendered C:/Ruby32-x64/lib/ruby/gems/3.2.0/gems/devise-4.9.3/app/views/devise/shared/_links.html.erb (Duration: 1.1ms | Allocations: 586)
  Rendered C:/Ruby32-x64/lib/ruby/gems/3.2.0/gems/devise-4.9.3/app/views/devise/sessions/new.html.erb within layouts/application (Duration: 23.3ms | Allocations: 3715)
  Rendered layout layouts/application.html.erb (Duration: 327.7ms | Allocations: 93564)
Completed 200 OK in 437ms (Views: 371.0ms | ActiveRecord: 2.5ms | Allocations: 113814)


Started POST "/admins/sign_in" for ::1 at 2024-01-17 22:36:00 -0500
Processing by Devise::SessionsController#create as TURBO_STREAM
  Parameters: {"authenticity_token"=>"[FILTERED]", "admin"=>{"email"=>"admin@example.com", "password"=>"[FILTERED]", "remember_me"=>"0"}, "commit"=>"Log in"}
  [1m[36mAdmin Load (0.2ms)[0m  [1m[34mSELECT "admins".* FROM "admins" WHERE "admins"."email" = ? ORDER BY "admins"."id" ASC LIMIT ?[0m  [["email", "admin@example.com"], ["LIMIT", 1]]
Redirected to http://localhost:3000/
Completed 303 See Other in 269ms (ActiveRecord: 0.2ms | Allocations: 7360)


Started GET "/" for ::1 at 2024-01-17 22:36:00 -0500
Processing by HomeController#index as TURBO_STREAM
  Rendering layout layouts/application.html.erb
  Rendering home/index.html.erb within layouts/application
  Rendered home/index.html.erb within layouts/application (Duration: 0.7ms | Allocations: 173)
  Rendered layout layouts/application.html.erb (Duration: 36.1ms | Allocations: 10928)
Completed 200 OK in 47ms (Views: 42.5ms | ActiveRecord: 0.0ms | Allocations: 11696)


Started GET "/admins/sign_in" for ::1 at 2024-01-17 22:36:38 -0500
  [1m[36mActiveRecord::SchemaMigration Load (0.1ms)[0m  [1m[34mSELECT "schema_migrations"."version" FROM "schema_migrations" ORDER BY "schema_migrations"."version" ASC[0m
Processing by Devise::SessionsController#new as HTML
  [1m[36mAdmin Load (0.1ms)[0m  [1m[34mSELECT "admins".* FROM "admins" WHERE "admins"."id" = ? ORDER BY "admins"."id" ASC LIMIT ?[0m  [["id", 1], ["LIMIT", 1]]
Redirected to http://localhost:3000/
Filter chain halted as :require_no_authentication rendered or redirected
Completed 302 Found in 87ms (ActiveRecord: 3.5ms | Allocations: 20652)


Started GET "/" for ::1 at 2024-01-17 22:36:39 -0500
Processing by HomeController#index as HTML
  Rendering layout layouts/application.html.erb
  Rendering home/index.html.erb within layouts/application
  Rendered home/index.html.erb within layouts/application (Duration: 1.2ms | Allocations: 297)
  Rendered layout layouts/application.html.erb (Duration: 325.3ms | Allocations: 90317)
Completed 200 OK in 361ms (Views: 340.9ms | ActiveRecord: 0.0ms | Allocations: 94043)


Started GET "/admins/sign_in" for ::1 at 2024-01-17 22:36:44 -0500
Processing by Devise::SessionsController#new as HTML
  [1m[36mAdmin Load (0.1ms)[0m  [1m[34mSELECT "admins".* FROM "admins" WHERE "admins"."id" = ? ORDER BY "admins"."id" ASC LIMIT ?[0m  [["id", 1], ["LIMIT", 1]]
Redirected to http://localhost:3000/
Filter chain halted as :require_no_authentication rendered or redirected
Completed 302 Found in 3ms (ActiveRecord: 0.1ms | Allocations: 1536)


Started GET "/" for ::1 at 2024-01-17 22:36:44 -0500
Processing by HomeController#index as HTML
  Rendering layout layouts/application.html.erb
  Rendering home/index.html.erb within layouts/application
  Rendered home/index.html.erb within layouts/application (Duration: 0.1ms | Allocations: 34)
  Rendered layout layouts/application.html.erb (Duration: 35.0ms | Allocations: 10738)
Completed 200 OK in 39ms (Views: 35.7ms | ActiveRecord: 0.0ms | Allocations: 11009)


  [1m[36mTRANSACTION (0.1ms)[0m  [1m[36mbegin transaction[0m
  [1m[36mAdmin Exists? (0.6ms)[0m  [1m[34mSELECT 1 AS one FROM "admins" WHERE "admins"."email" = ? LIMIT ?[0m  [["email", "admin@example.com"], ["LIMIT", 1]]
  [1m[36mTRANSACTION (0.0ms)[0m  [1m[31mrollback transaction[0m
Started GET "/admins/sign_in" for ::1 at 2024-01-17 22:37:25 -0500
Processing by Devise::SessionsController#new as HTML
  [1m[36mAdmin Load (0.1ms)[0m  [1m[34mSELECT "admins".* FROM "admins" WHERE "admins"."id" = ? ORDER BY "admins"."id" ASC LIMIT ?[0m  [["id", 1], ["LIMIT", 1]]
Redirected to http://localhost:3000/
Filter chain halted as :require_no_authentication rendered or redirected
Completed 302 Found in 3ms (ActiveRecord: 0.1ms | Allocations: 1501)


Started GET "/" for ::1 at 2024-01-17 22:37:26 -0500
Processing by HomeController#index as HTML
  Rendering layout layouts/application.html.erb
  Rendering home/index.html.erb within layouts/application
  Rendered home/index.html.erb within layouts/application (Duration: 0.3ms | Allocations: 34)
  Rendered layout layouts/application.html.erb (Duration: 34.2ms | Allocations: 10717)
Completed 200 OK in 38ms (Views: 34.9ms | ActiveRecord: 0.0ms | Allocations: 10982)


Started GET "/admins/sign_in" for ::1 at 2024-01-17 22:37:55 -0500
  [1m[36mActiveRecord::SchemaMigration Load (0.1ms)[0m  [1m[34mSELECT "schema_migrations"."version" FROM "schema_migrations" ORDER BY "schema_migrations"."version" ASC[0m
Processing by Devise::SessionsController#new as HTML
  [1m[36mAdmin Load (0.2ms)[0m  [1m[34mSELECT "admins".* FROM "admins" WHERE "admins"."id" = ? ORDER BY "admins"."id" ASC LIMIT ?[0m  [["id", 1], ["LIMIT", 1]]
Redirected to http://localhost:3000/
Filter chain halted as :require_no_authentication rendered or redirected
Completed 302 Found in 86ms (ActiveRecord: 2.5ms | Allocations: 20642)


Started GET "/" for ::1 at 2024-01-17 22:37:56 -0500
Processing by HomeController#index as HTML
  Rendering layout layouts/application.html.erb
  Rendering home/index.html.erb within layouts/application
  Rendered home/index.html.erb within layouts/application (Duration: 0.9ms | Allocations: 297)
  Rendered layout layouts/application.html.erb (Duration: 324.0ms | Allocations: 90295)
Completed 200 OK in 360ms (Views: 339.2ms | ActiveRecord: 0.0ms | Allocations: 94020)


Started GET "/admins/sign_in" for ::1 at 2024-01-17 22:38:36 -0500
Processing by Devise::SessionsController#new as HTML
  [1m[36mAdmin Load (0.1ms)[0m  [1m[34mSELECT "admins".* FROM "admins" WHERE "admins"."id" = ? ORDER BY "admins"."id" ASC LIMIT ?[0m  [["id", 1], ["LIMIT", 1]]
Redirected to http://localhost:3000/
Filter chain halted as :require_no_authentication rendered or redirected
Completed 302 Found in 3ms (ActiveRecord: 0.1ms | Allocations: 1536)


Started GET "/" for ::1 at 2024-01-17 22:38:36 -0500
Processing by HomeController#index as HTML
  Rendering layout layouts/application.html.erb
  Rendering home/index.html.erb within layouts/application
  Rendered home/index.html.erb within layouts/application (Duration: 0.1ms | Allocations: 34)
  Rendered layout layouts/application.html.erb (Duration: 40.4ms | Allocations: 10716)
Completed 200 OK in 45ms (Views: 41.2ms | ActiveRecord: 0.0ms | Allocations: 10987)


Started GET "/admins/sign_in" for ::1 at 2024-01-17 22:38:41 -0500
Processing by Devise::SessionsController#new as HTML
  [1m[36mAdmin Load (0.1ms)[0m  [1m[34mSELECT "admins".* FROM "admins" WHERE "admins"."id" = ? ORDER BY "admins"."id" ASC LIMIT ?[0m  [["id", 1], ["LIMIT", 1]]
Redirected to http://localhost:3000/
Filter chain halted as :require_no_authentication rendered or redirected
Completed 302 Found in 4ms (ActiveRecord: 0.1ms | Allocations: 1519)


Started GET "/" for ::1 at 2024-01-17 22:38:41 -0500
Processing by HomeController#index as HTML
  Rendering layout layouts/application.html.erb
  Rendering home/index.html.erb within layouts/application
  Rendered home/index.html.erb within layouts/application (Duration: 0.1ms | Allocations: 34)
  Rendered layout layouts/application.html.erb (Duration: 35.1ms | Allocations: 10684)
Completed 200 OK in 39ms (Views: 35.9ms | ActiveRecord: 0.0ms | Allocations: 10949)


Started GET "/admin/sign_in" for ::1 at 2024-01-17 22:38:44 -0500
  
ActionController::RoutingError (No route matches [GET] "/admin/sign_in"):
  
Started GET "/admins/sign_in" for ::1 at 2024-01-17 22:38:53 -0500
Processing by Devise::SessionsController#new as HTML
  [1m[36mAdmin Load (0.1ms)[0m  [1m[34mSELECT "admins".* FROM "admins" WHERE "admins"."id" = ? ORDER BY "admins"."id" ASC LIMIT ?[0m  [["id", 1], ["LIMIT", 1]]
Redirected to http://localhost:3000/
Filter chain halted as :require_no_authentication rendered or redirected
Completed 302 Found in 4ms (ActiveRecord: 0.1ms | Allocations: 1497)


Started GET "/" for ::1 at 2024-01-17 22:38:53 -0500
Processing by HomeController#index as HTML
  Rendering layout layouts/application.html.erb
  Rendering home/index.html.erb within layouts/application
  Rendered home/index.html.erb within layouts/application (Duration: 0.1ms | Allocations: 34)
  Rendered layout layouts/application.html.erb (Duration: 34.7ms | Allocations: 10733)
Completed 200 OK in 39ms (Views: 35.5ms | ActiveRecord: 0.0ms | Allocations: 10998)


Started GET "/admins/sign_in" for ::1 at 2024-01-17 22:39:03 -0500
Processing by Devise::SessionsController#new as HTML
  Rendering layout layouts/application.html.erb
  Rendering C:/Ruby32-x64/lib/ruby/gems/3.2.0/gems/devise-4.9.3/app/views/devise/sessions/new.html.erb within layouts/application
  Rendered C:/Ruby32-x64/lib/ruby/gems/3.2.0/gems/devise-4.9.3/app/views/devise/shared/_links.html.erb (Duration: 1.0ms | Allocations: 577)
  Rendered C:/Ruby32-x64/lib/ruby/gems/3.2.0/gems/devise-4.9.3/app/views/devise/sessions/new.html.erb within layouts/application (Duration: 19.2ms | Allocations: 3200)
  Rendered layout layouts/application.html.erb (Duration: 57.8ms | Allocations: 13690)
Completed 200 OK in 78ms (Views: 71.0ms | ActiveRecord: 0.0ms | Allocations: 15184)


Started POST "/admins/sign_in" for ::1 at 2024-01-17 22:39:09 -0500
Processing by Devise::SessionsController#create as TURBO_STREAM
  Parameters: {"authenticity_token"=>"[FILTERED]", "admin"=>{"email"=>"admin@example.com", "password"=>"[FILTERED]", "remember_me"=>"0"}, "commit"=>"Log in"}
  [1m[36mAdmin Load (0.2ms)[0m  [1m[34mSELECT "admins".* FROM "admins" WHERE "admins"."email" = ? ORDER BY "admins"."id" ASC LIMIT ?[0m  [["email", "admin@example.com"], ["LIMIT", 1]]
Redirected to http://localhost:3000/
Completed 303 See Other in 237ms (ActiveRecord: 0.2ms | Allocations: 3685)


Started GET "/" for ::1 at 2024-01-17 22:39:09 -0500
Processing by HomeController#index as TURBO_STREAM
  Rendering layout layouts/application.html.erb
  Rendering home/index.html.erb within layouts/application
  Rendered home/index.html.erb within layouts/application (Duration: 0.1ms | Allocations: 34)
  Rendered layout layouts/application.html.erb (Duration: 37.2ms | Allocations: 10688)
Completed 200 OK in 41ms (Views: 38.0ms | ActiveRecord: 0.0ms | Allocations: 10994)


Started GET "/admins/sign_in" for ::1 at 2024-01-17 22:39:26 -0500
Processing by Devise::SessionsController#new as HTML
  Rendering layout layouts/application.html.erb
  Rendering C:/Ruby32-x64/lib/ruby/gems/3.2.0/gems/devise-4.9.3/app/views/devise/sessions/new.html.erb within layouts/application
  Rendered C:/Ruby32-x64/lib/ruby/gems/3.2.0/gems/devise-4.9.3/app/views/devise/shared/_links.html.erb (Duration: 0.2ms | Allocations: 115)
  Rendered C:/Ruby32-x64/lib/ruby/gems/3.2.0/gems/devise-4.9.3/app/views/devise/sessions/new.html.erb within layouts/application (Duration: 1.6ms | Allocations: 869)
  Rendered layout layouts/application.html.erb (Duration: 36.3ms | Allocations: 11292)
Completed 200 OK in 41ms (Views: 37.2ms | ActiveRecord: 0.0ms | Allocations: 11802)


Started POST "/admins/sign_in" for ::1 at 2024-01-17 22:39:32 -0500
Processing by Devise::SessionsController#create as TURBO_STREAM
  Parameters: {"authenticity_token"=>"[FILTERED]", "admin"=>{"email"=>"admin@example.com", "password"=>"[FILTERED]", "remember_me"=>"0"}, "commit"=>"Log in"}
  [1m[36mAdmin Load (0.1ms)[0m  [1m[34mSELECT "admins".* FROM "admins" WHERE "admins"."email" = ? ORDER BY "admins"."id" ASC LIMIT ?[0m  [["email", "admin@example.com"], ["LIMIT", 1]]
Redirected to http://localhost:3000/
Completed 303 See Other in 211ms (ActiveRecord: 0.1ms | Allocations: 2311)


Started GET "/" for ::1 at 2024-01-17 22:39:33 -0500
Processing by HomeController#index as TURBO_STREAM
  Rendering layout layouts/application.html.erb
  Rendering home/index.html.erb within layouts/application
  Rendered home/index.html.erb within layouts/application (Duration: 0.1ms | Allocations: 34)
  Rendered layout layouts/application.html.erb (Duration: 34.7ms | Allocations: 10694)
Completed 200 OK in 39ms (Views: 35.5ms | ActiveRecord: 0.0ms | Allocations: 10962)


Started GET "/admins/sign_in" for ::1 at 2024-01-17 22:39:48 -0500
Processing by Devise::SessionsController#new as HTML
  Rendering layout layouts/application.html.erb
  Rendering C:/Ruby32-x64/lib/ruby/gems/3.2.0/gems/devise-4.9.3/app/views/devise/sessions/new.html.erb within layouts/application
  Rendered C:/Ruby32-x64/lib/ruby/gems/3.2.0/gems/devise-4.9.3/app/views/devise/shared/_links.html.erb (Duration: 0.1ms | Allocations: 115)
  Rendered C:/Ruby32-x64/lib/ruby/gems/3.2.0/gems/devise-4.9.3/app/views/devise/sessions/new.html.erb within layouts/application (Duration: 1.8ms | Allocations: 868)
  Rendered layout layouts/application.html.erb (Duration: 38.2ms | Allocations: 11293)
Completed 200 OK in 43ms (Views: 38.9ms | ActiveRecord: 0.0ms | Allocations: 11798)


Started POST "/admins/sign_in" for ::1 at 2024-01-17 22:39:54 -0500
Processing by Devise::SessionsController#create as TURBO_STREAM
  Parameters: {"authenticity_token"=>"[FILTERED]", "admin"=>{"email"=>"admin@example.com", "password"=>"[FILTERED]", "remember_me"=>"0"}, "commit"=>"Log in"}
  [1m[36mAdmin Load (0.1ms)[0m  [1m[34mSELECT "admins".* FROM "admins" WHERE "admins"."email" = ? ORDER BY "admins"."id" ASC LIMIT ?[0m  [["email", "admin@example.com"], ["LIMIT", 1]]
Redirected to http://localhost:3000/
Completed 303 See Other in 209ms (ActiveRecord: 0.1ms | Allocations: 2296)


Started GET "/" for ::1 at 2024-01-17 22:39:54 -0500
Processing by HomeController#index as TURBO_STREAM
  Rendering layout layouts/application.html.erb
  Rendering home/index.html.erb within layouts/application
  Rendered home/index.html.erb within layouts/application (Duration: 0.1ms | Allocations: 34)
  Rendered layout layouts/application.html.erb (Duration: 35.9ms | Allocations: 10719)
Completed 200 OK in 41ms (Views: 36.8ms | ActiveRecord: 0.0ms | Allocations: 10987)


Started GET "/" for ::1 at 2024-01-17 22:44:52 -0500
Processing by HomeController#index as HTML
  Rendering layout layouts/application.html.erb
  Rendering home/index.html.erb within layouts/application
  Rendered home/index.html.erb within layouts/application (Duration: 0.8ms | Allocations: 168)
  Rendered layout layouts/application.html.erb (Duration: 69.2ms | Allocations: 29738)
Completed 200 OK in 83ms (Views: 77.4ms | ActiveRecord: 0.0ms | Allocations: 30670)


Started GET "/admins/sign_in" for ::1 at 2024-01-17 22:45:01 -0500
Processing by Devise::SessionsController#new as HTML
  [1m[36mAdmin Load (0.2ms)[0m  [1m[34mSELECT "admins".* FROM "admins" WHERE "admins"."id" = ? ORDER BY "admins"."id" ASC LIMIT ?[0m  [["id", 1], ["LIMIT", 1]]
Redirected to http://localhost:3000/
Filter chain halted as :require_no_authentication rendered or redirected
Completed 302 Found in 11ms (ActiveRecord: 3.6ms | Allocations: 5896)


Started GET "/" for ::1 at 2024-01-17 22:45:01 -0500
Processing by HomeController#index as HTML
  Rendering layout layouts/application.html.erb
  Rendering home/index.html.erb within layouts/application
  Rendered home/index.html.erb within layouts/application (Duration: 0.1ms | Allocations: 37)
  Rendered layout layouts/application.html.erb (Duration: 37.1ms | Allocations: 10728)
Completed 200 OK in 42ms (Views: 38.2ms | ActiveRecord: 0.0ms | Allocations: 10991)


Started GET "/admins/sign_in" for ::1 at 2024-01-17 22:45:03 -0500
Processing by Devise::SessionsController#new as HTML
  [1m[36mAdmin Load (0.1ms)[0m  [1m[34mSELECT "admins".* FROM "admins" WHERE "admins"."id" = ? ORDER BY "admins"."id" ASC LIMIT ?[0m  [["id", 1], ["LIMIT", 1]]
Redirected to http://localhost:3000/
Filter chain halted as :require_no_authentication rendered or redirected
Completed 302 Found in 3ms (ActiveRecord: 0.1ms | Allocations: 1476)


Started GET "/" for ::1 at 2024-01-17 22:45:03 -0500
Processing by HomeController#index as HTML
  Rendering layout layouts/application.html.erb
  Rendering home/index.html.erb within layouts/application
  Rendered home/index.html.erb within layouts/application (Duration: 0.1ms | Allocations: 34)
  Rendered layout layouts/application.html.erb (Duration: 34.9ms | Allocations: 10699)
Completed 200 OK in 39ms (Views: 35.6ms | ActiveRecord: 0.0ms | Allocations: 10962)


Started GET "/admin" for ::1 at 2024-01-17 22:45:05 -0500
Processing by AdminController#index as HTML
  Rendering layout layouts/application.html.erb
  Rendering admin/index.html.erb within layouts/application
  Rendered admin/index.html.erb within layouts/application (Duration: 0.7ms | Allocations: 94)
  Rendered layout layouts/application.html.erb (Duration: 36.9ms | Allocations: 10761)
Completed 200 OK in 53ms (Views: 42.9ms | ActiveRecord: 0.0ms | Allocations: 11249)


Started GET "/admin" for ::1 at 2024-01-17 22:51:19 -0500
Processing by AdminController#index as HTML
  [1m[36mAdmin Load (1.8ms)[0m  [1m[34mSELECT "admins".* FROM "admins" WHERE "admins"."id" = ? ORDER BY "admins"."id" ASC LIMIT ?[0m  [["id", 1], ["LIMIT", 1]]
  Rendering layout layouts/admin.html.erb
  Rendering admin/index.html.erb within layouts/admin
  Rendered admin/index.html.erb within layouts/admin (Duration: 0.7ms | Allocations: 96)
  Rendered layout layouts/admin.html.erb (Duration: 74.5ms | Allocations: 31799)
Completed 500 Internal Server Error in 130ms (ActiveRecord: 3.1ms | Allocations: 38375)


  
ActionView::Template::Error (The asset "logo.png" is not present in the asset pipeline.
):
    16:       <div class="flex w-full">
    17:         <nav class="w-64 p-4 h-screen bg-gray-600 sticky top-0">
    18:           <div class="flex">
    19:             <%= image_tag 'logo.png', class: "w-16" %>
    20:             <h1 class="text-md py-2 text-white font-bold hidden md:block">Murch Admin</h1>
    21:           </div>
    22:           <ul class="flex flex-col text-white">
  
app/views/layouts/admin.html.erb:19
Started GET "/admins/sign_in" for ::1 at 2024-01-17 23:57:31 -0500
  [1m[36mActiveRecord::SchemaMigration Load (0.1ms)[0m  [1m[34mSELECT "schema_migrations"."version" FROM "schema_migrations" ORDER BY "schema_migrations"."version" ASC[0m
Processing by Devise::SessionsController#new as HTML
  [1m[36mAdmin Load (0.2ms)[0m  [1m[34mSELECT "admins".* FROM "admins" WHERE "admins"."id" = ? ORDER BY "admins"."id" ASC LIMIT ?[0m  [["id", 1], ["LIMIT", 1]]
Redirected to http://localhost:3000/
Filter chain halted as :require_no_authentication rendered or redirected
Completed 302 Found in 218ms (ActiveRecord: 4.1ms | Allocations: 21067)


Started GET "/" for ::1 at 2024-01-17 23:57:32 -0500
Processing by HomeController#index as HTML
  Rendering layout layouts/application.html.erb
  Rendering home/index.html.erb within layouts/application
  Rendered home/index.html.erb within layouts/application (Duration: 0.8ms | Allocations: 297)
  Rendered layout layouts/application.html.erb (Duration: 1750.8ms | Allocations: 154356)
Completed 200 OK in 1867ms (Views: 1794.0ms | ActiveRecord: 0.0ms | Allocations: 158081)


Started GET "/admins/sign_in" for ::1 at 2024-01-17 23:57:41 -0500
Processing by Devise::SessionsController#new as HTML
  [1m[36mAdmin Load (0.1ms)[0m  [1m[34mSELECT "admins".* FROM "admins" WHERE "admins"."id" = ? ORDER BY "admins"."id" ASC LIMIT ?[0m  [["id", 1], ["LIMIT", 1]]
Redirected to http://localhost:3000/
Filter chain halted as :require_no_authentication rendered or redirected
Completed 302 Found in 7ms (ActiveRecord: 0.1ms | Allocations: 1531)


Started GET "/" for ::1 at 2024-01-17 23:57:41 -0500
Processing by HomeController#index as HTML
  Rendering layout layouts/application.html.erb
  Rendering home/index.html.erb within layouts/application
  Rendered home/index.html.erb within layouts/application (Duration: 0.1ms | Allocations: 34)
  Rendered layout layouts/application.html.erb (Duration: 35.2ms | Allocations: 9767)
Completed 200 OK in 39ms (Views: 36.0ms | ActiveRecord: 0.0ms | Allocations: 10038)


Started GET "/admins/sign_in" for ::1 at 2024-01-18 21:23:11 -0500
  [1m[36mActiveRecord::SchemaMigration Load (0.1ms)[0m  [1m[34mSELECT "schema_migrations"."version" FROM "schema_migrations" ORDER BY "schema_migrations"."version" ASC[0m
Processing by Devise::SessionsController#new as HTML
  Rendering layout layouts/application.html.erb
  Rendering C:/Ruby32-x64/lib/ruby/gems/3.2.0/gems/devise-4.9.3/app/views/devise/sessions/new.html.erb within layouts/application
  Rendered C:/Ruby32-x64/lib/ruby/gems/3.2.0/gems/devise-4.9.3/app/views/devise/shared/_links.html.erb (Duration: 1.2ms | Allocations: 586)
  Rendered C:/Ruby32-x64/lib/ruby/gems/3.2.0/gems/devise-4.9.3/app/views/devise/sessions/new.html.erb within layouts/application (Duration: 141.2ms | Allocations: 3728)
  Rendered layout layouts/application.html.erb (Duration: 1989.2ms | Allocations: 88167)
Completed 200 OK in 2370ms (Views: 2254.1ms | ActiveRecord: 3.4ms | Allocations: 107091)


Started POST "/admins/sign_in" for ::1 at 2024-01-18 21:23:22 -0500
Processing by Devise::SessionsController#create as TURBO_STREAM
  Parameters: {"authenticity_token"=>"[FILTERED]", "admin"=>{"email"=>"admin@example.com", "password"=>"[FILTERED]", "remember_me"=>"0"}, "commit"=>"Log in"}
  [1m[36mAdmin Load (0.7ms)[0m  [1m[34mSELECT "admins".* FROM "admins" WHERE "admins"."email" = ? ORDER BY "admins"."id" ASC LIMIT ?[0m  [["email", "admin@example.com"], ["LIMIT", 1]]
Redirected to http://localhost:3000/
Completed 303 See Other in 521ms (ActiveRecord: 0.7ms | Allocations: 8592)


Started GET "/" for ::1 at 2024-01-18 21:23:23 -0500
Processing by HomeController#index as TURBO_STREAM
  Rendering layout layouts/application.html.erb
  Rendering home/index.html.erb within layouts/application
  Rendered home/index.html.erb within layouts/application (Duration: 0.9ms | Allocations: 173)
  Rendered layout layouts/application.html.erb (Duration: 72.2ms | Allocations: 10028)
Completed 200 OK in 93ms (Views: 78.2ms | ActiveRecord: 0.0ms | Allocations: 10796)


Started GET "/admins/sign_in" for ::1 at 2024-01-18 21:23:41 -0500
Processing by Devise::SessionsController#new as HTML
  [1m[36mAdmin Load (0.2ms)[0m  [1m[34mSELECT "admins".* FROM "admins" WHERE "admins"."id" = ? ORDER BY "admins"."id" ASC LIMIT ?[0m  [["id", 1], ["LIMIT", 1]]
Redirected to http://localhost:3000/
Filter chain halted as :require_no_authentication rendered or redirected
Completed 302 Found in 5ms (ActiveRecord: 0.2ms | Allocations: 1601)


Started GET "/" for ::1 at 2024-01-18 21:23:41 -0500
Processing by HomeController#index as HTML
  Rendering layout layouts/application.html.erb
  Rendering home/index.html.erb within layouts/application
  Rendered home/index.html.erb within layouts/application (Duration: 0.1ms | Allocations: 34)
  Rendered layout layouts/application.html.erb (Duration: 33.4ms | Allocations: 9816)
Completed 200 OK in 37ms (Views: 34.3ms | ActiveRecord: 0.0ms | Allocations: 10080)


Started GET "/admin/" for ::1 at 2024-01-18 21:23:42 -0500
Processing by AdminController#index as HTML
  [1m[36mAdmin Load (0.1ms)[0m  [1m[34mSELECT "admins".* FROM "admins" WHERE "admins"."id" = ? ORDER BY "admins"."id" ASC LIMIT ?[0m  [["id", 1], ["LIMIT", 1]]
  Rendering layout layouts/admin.html.erb
  Rendering admin/index.html.erb within layouts/admin
  Rendered admin/index.html.erb within layouts/admin (Duration: 0.6ms | Allocations: 92)
  Rendered layout layouts/admin.html.erb (Duration: 39.5ms | Allocations: 12223)
Completed 500 Internal Server Error in 54ms (ActiveRecord: 0.1ms | Allocations: 14015)


  
ActionView::Template::Error (The asset "logo.png" is not present in the asset pipeline.
):
    16:       <div class="flex w-full">
    17:         <nav class="w-64 p-4 h-screen bg-gray-600 sticky top-0">
    18:           <div class="flex">
    19:             <%= image_tag 'logo.png', class: "w-16" %>
    20:             <h1 class="text-md py-2 text-white font-bold hidden md:block">Murch Admin</h1>
    21:           </div>
    22:           <ul class="flex flex-col text-white">
  
app/views/layouts/admin.html.erb:19
Started GET "/" for ::1 at 2024-01-18 21:31:57 -0500
Processing by HomeController#index as HTML
  Rendering layout layouts/application.html.erb
  Rendering home/index.html.erb within layouts/application
  Rendered home/index.html.erb within layouts/application (Duration: 0.7ms | Allocations: 168)
  Rendered layout layouts/application.html.erb (Duration: 64.4ms | Allocations: 28052)
Completed 500 Internal Server Error in 77ms (ActiveRecord: 0.0ms | Allocations: 28965)


  
ActionView::Template::Error (undefined local variable or method `hotwire_livereload_tags' for #<ActionView::Base:0x000000000116c0>):
     9: 
    10:     <%= stylesheet_link_tag "application", "data-turbo-track": "reload" %>
    11:     <%= javascript_importmap_tags %>
    12:     <%= hotwire_livereload_tags if Rails.env.development? %>
    13:   </head>
    14: 
    15:   <body>
  
app/views/layouts/application.html.erb:12
Started GET "/" for ::1 at 2024-01-18 21:34:18 -0500
  [1m[36mActiveRecord::SchemaMigration Load (0.1ms)[0m  [1m[34mSELECT "schema_migrations"."version" FROM "schema_migrations" ORDER BY "schema_migrations"."version" ASC[0m
Processing by HomeController#index as HTML
  Rendering layout layouts/application.html.erb
  Rendering home/index.html.erb within layouts/application
  Rendered home/index.html.erb within layouts/application (Duration: 0.8ms | Allocations: 299)
  Rendered layout layouts/application.html.erb (Duration: 2256.8ms | Allocations: 218924)
Completed 500 Internal Server Error in 2301ms (ActiveRecord: 0.0ms | Allocations: 223904)


  
ActionView::Template::Error (Permission denied @ rb_file_s_rename - (C:/Users/Hannan/Desktop/Coding_Projects/Murch/MuslimMerch/tmp/cache/assets/sprockets/v4.0.0/yv/yv1Q4OFCuYZt6zkyYI3QWQD5TWAeUr6DlLse2nCPmn4.cache.27440.17352.56810, C:/Users/Hannan/Desktop/Coding_Projects/Murch/MuslimMerch/tmp/cache/assets/sprockets/v4.0.0/yv/yv1Q4OFCuYZt6zkyYI3QWQD5TWAeUr6DlLse2nCPmn4.cache)):
  
sprockets (4.2.1) lib/sprockets/path_utils.rb:362:in `rename'
sprockets (4.2.1) lib/sprockets/path_utils.rb:362:in `atomic_write'
sprockets (4.2.1) lib/sprockets/cache/file_store.rb:112:in `set'
sprockets (4.2.1) lib/sprockets/cache.rb:227:in `set'
sprockets (4.2.1) lib/sprockets/cache.rb:143:in `set'
sprockets (4.2.1) lib/sprockets/loader.rb:343:in `fetch_asset_from_dependency_cache'
sprockets (4.2.1) lib/sprockets/loader.rb:43:in `load'
sprockets (4.2.1) lib/sprockets/cached_environment.rb:44:in `block in load'
concurrent-ruby (1.2.3) lib/concurrent-ruby/concurrent/map.rb:207:in `block in fetch_or_store'
concurrent-ruby (1.2.3) lib/concurrent-ruby/concurrent/map.rb:187:in `fetch'
concurrent-ruby (1.2.3) lib/concurrent-ruby/concurrent/map.rb:206:in `fetch_or_store'
sprockets (4.2.1) lib/sprockets/cached_environment.rb:44:in `load'
sprockets (4.2.1) lib/sprockets/bundle.rb:32:in `block in call'
C:/Ruby32-x64/lib/ruby/3.2.0/set.rb:511:in `each_key'
C:/Ruby32-x64/lib/ruby/3.2.0/set.rb:511:in `each'
sprockets (4.2.1) lib/sprockets/bundle.rb:31:in `call'
sprockets (4.2.1) lib/sprockets/processor_utils.rb:84:in `call_processor'
sprockets (4.2.1) lib/sprockets/processor_utils.rb:66:in `block in call_processors'
sprockets (4.2.1) lib/sprockets/processor_utils.rb:65:in `reverse_each'
sprockets (4.2.1) lib/sprockets/processor_utils.rb:65:in `call_processors'
sprockets (4.2.1) lib/sprockets/loader.rb:184:in `load_from_unloaded'
sprockets (4.2.1) lib/sprockets/loader.rb:59:in `block in load'
sprockets (4.2.1) lib/sprockets/loader.rb:339:in `fetch_asset_from_dependency_cache'
sprockets (4.2.1) lib/sprockets/loader.rb:43:in `load'
sprockets (4.2.1) lib/sprockets/cached_environment.rb:44:in `block in load'
concurrent-ruby (1.2.3) lib/concurrent-ruby/concurrent/map.rb:207:in `block in fetch_or_store'
concurrent-ruby (1.2.3) lib/concurrent-ruby/concurrent/map.rb:187:in `fetch'
concurrent-ruby (1.2.3) lib/concurrent-ruby/concurrent/map.rb:206:in `fetch_or_store'
sprockets (4.2.1) lib/sprockets/cached_environment.rb:44:in `load'
sprockets (4.2.1) lib/sprockets/base.rb:81:in `find_asset'
sprockets (4.2.1) lib/sprockets/base.rb:88:in `find_all_linked_assets'
sprockets (4.2.1) lib/sprockets/manifest.rb:125:in `each'
sprockets (4.2.1) lib/sprockets/manifest.rb:125:in `to_a'
sprockets (4.2.1) lib/sprockets/manifest.rb:125:in `block (2 levels) in find'
concurrent-ruby (1.2.3) lib/concurrent-ruby/concurrent/executor/safe_task_executor.rb:24:in `block in execute'
concurrent-ruby (1.2.3) lib/concurrent-ruby/concurrent/synchronization/mutex_lockable_object.rb:48:in `block in synchronize'
concurrent-ruby (1.2.3) lib/concurrent-ruby/concurrent/synchronization/mutex_lockable_object.rb:48:in `synchronize'
concurrent-ruby (1.2.3) lib/concurrent-ruby/concurrent/synchronization/mutex_lockable_object.rb:48:in `synchronize'
concurrent-ruby (1.2.3) lib/concurrent-ruby/concurrent/executor/safe_task_executor.rb:22:in `execute'
concurrent-ruby (1.2.3) lib/concurrent-ruby/concurrent/promise.rb:564:in `block in realize'
concurrent-ruby (1.2.3) lib/concurrent-ruby/concurrent/executor/ruby_thread_pool_executor.rb:359:in `run_task'
concurrent-ruby (1.2.3) lib/concurrent-ruby/concurrent/executor/ruby_thread_pool_executor.rb:350:in `block (3 levels) in create_worker'
concurrent-ruby (1.2.3) lib/concurrent-ruby/concurrent/executor/ruby_thread_pool_executor.rb:341:in `loop'
concurrent-ruby (1.2.3) lib/concurrent-ruby/concurrent/executor/ruby_thread_pool_executor.rb:341:in `block (2 levels) in create_worker'
concurrent-ruby (1.2.3) lib/concurrent-ruby/concurrent/executor/ruby_thread_pool_executor.rb:340:in `catch'
concurrent-ruby (1.2.3) lib/concurrent-ruby/concurrent/executor/ruby_thread_pool_executor.rb:340:in `block in create_worker'
Started GET "/" for ::1 at 2024-01-18 21:35:46 -0500
  [1m[36mActiveRecord::SchemaMigration Load (0.1ms)[0m  [1m[34mSELECT "schema_migrations"."version" FROM "schema_migrations" ORDER BY "schema_migrations"."version" ASC[0m
Processing by HomeController#index as HTML
  Rendering layout layouts/application.html.erb
  Rendering home/index.html.erb within layouts/application
  Rendered home/index.html.erb within layouts/application (Duration: 1.0ms | Allocations: 299)
  Rendered C:/Ruby32-x64/lib/ruby/gems/3.2.0/gems/hotwire-livereload-1.3.1/app/views/hotwire/livereload/_head_action_cable.html.erb (Duration: 2.3ms | Allocations: 912)
  Rendered layout layouts/application.html.erb (Duration: 500.3ms | Allocations: 104664)
Completed 200 OK in 541ms (Views: 514.1ms | ActiveRecord: 0.0ms | Allocations: 109682)


Started GET "/cable" for ::1 at 2024-01-18 21:35:47 -0500
Started GET "/cable" [WebSocket] for ::1 at 2024-01-18 21:35:48 -0500
Successfully upgraded to WebSocket (REQUEST_METHOD: GET, HTTP_CONNECTION: Upgrade, HTTP_UPGRADE: websocket)
Started GET "/admins/sign_in" for ::1 at 2024-01-18 21:35:57 -0500
Processing by Devise::SessionsController#new as HTML
  [1m[36mAdmin Load (0.2ms)[0m  [1m[34mSELECT "admins".* FROM "admins" WHERE "admins"."id" = ? ORDER BY "admins"."id" ASC LIMIT ?[0m  [["id", 1], ["LIMIT", 1]]
Redirected to http://localhost:3000/
Filter chain halted as :require_no_authentication rendered or redirected
Completed 302 Found in 67ms (ActiveRecord: 9.2ms | Allocations: 18010)


Started GET "/" for ::1 at 2024-01-18 21:35:57 -0500
Processing by HomeController#index as HTML
  Rendering layout layouts/application.html.erb
  Rendering home/index.html.erb within layouts/application
  Rendered home/index.html.erb within layouts/application (Duration: 0.1ms | Allocations: 37)
  Rendered C:/Ruby32-x64/lib/ruby/gems/3.2.0/gems/hotwire-livereload-1.3.1/app/views/hotwire/livereload/_head_action_cable.html.erb (Duration: 1.8ms | Allocations: 808)
  Rendered layout layouts/application.html.erb (Duration: 34.5ms | Allocations: 11393)
Completed 200 OK in 39ms (Views: 35.9ms | ActiveRecord: 0.0ms | Allocations: 11668)


Started GET "/admin" for ::1 at 2024-01-18 21:35:58 -0500
Processing by AdminController#index as HTML
  [1m[36mAdmin Load (0.1ms)[0m  [1m[34mSELECT "admins".* FROM "admins" WHERE "admins"."id" = ? ORDER BY "admins"."id" ASC LIMIT ?[0m  [["id", 1], ["LIMIT", 1]]
  Rendering layout layouts/admin.html.erb
  Rendering admin/index.html.erb within layouts/admin
  Rendered admin/index.html.erb within layouts/admin (Duration: 0.6ms | Allocations: 95)
  Rendered layout layouts/admin.html.erb (Duration: 39.7ms | Allocations: 12747)
Completed 500 Internal Server Error in 50ms (ActiveRecord: 0.1ms | Allocations: 14560)


  
ActionView::Template::Error (undefined local variable or method `admin_products_path' for #<ActionView::Base:0x0000000000dd40>):
    26:               <% end %>
    27:             </li>
    28:             <li>
    29:               <%= link_to admin_products_path, class: "block px-4 py-2 hover:rounded hover:bg-gray-700" do %>
    30:                 <%= icon('fa-solid', 'cart-shopping', class: 'mr-2') %> <span class="hidden md:inline-block">Products</span>
    31:               <% end %>
    32:             </li>
  
app/views/layouts/admin.html.erb:29
Finished "/cable" [WebSocket] for ::1 at 2024-01-18 21:35:59 -0500
Hotwire::Livereload::ReloadChannel stopped streaming from hotwire-reload
Started GET "/admins/sign_in" for ::1 at 2024-01-18 22:09:20 -0500
  [1m[36mActiveRecord::SchemaMigration Load (0.1ms)[0m  [1m[34mSELECT "schema_migrations"."version" FROM "schema_migrations" ORDER BY "schema_migrations"."version" ASC[0m
Processing by Devise::SessionsController#new as HTML
  [1m[36mAdmin Load (0.2ms)[0m  [1m[34mSELECT "admins".* FROM "admins" WHERE "admins"."id" = ? ORDER BY "admins"."id" ASC LIMIT ?[0m  [["id", 1], ["LIMIT", 1]]
Started GET "/" for ::1 at 2024-01-18 22:09:20 -0500
Redirected to http://localhost:3000/
Filter chain halted as :require_no_authentication rendered or redirected
Completed 302 Found in 466ms (ActiveRecord: 3.9ms | Allocations: 21945)


Processing by HomeController#index as HTML
  Rendering layout layouts/application.html.erb
  Rendering home/index.html.erb within layouts/application
  Rendered home/index.html.erb within layouts/application (Duration: 1.4ms | Allocations: 297)
  Rendered C:/Ruby32-x64/lib/ruby/gems/3.2.0/gems/hotwire-livereload-1.3.1/app/views/hotwire/livereload/_head_action_cable.html.erb (Duration: 2.7ms | Allocations: 912)
  Rendered layout layouts/application.html.erb (Duration: 1608.1ms | Allocations: 99179)
Completed 200 OK in 1827ms (Views: 1696.6ms | ActiveRecord: 0.0ms | Allocations: 110005)


Started GET "/cable" for ::1 at 2024-01-18 22:09:23 -0500
Started GET "/cable" [WebSocket] for ::1 at 2024-01-18 22:09:23 -0500
Successfully upgraded to WebSocket (REQUEST_METHOD: GET, HTTP_CONNECTION: Upgrade, HTTP_UPGRADE: websocket)
Started GET "/admins/sign_in" for ::1 at 2024-01-18 22:09:27 -0500
Processing by Devise::SessionsController#new as HTML
  [1m[36mAdmin Load (0.1ms)[0m  [1m[34mSELECT "admins".* FROM "admins" WHERE "admins"."id" = ? ORDER BY "admins"."id" ASC LIMIT ?[0m  [["id", 1], ["LIMIT", 1]]
Redirected to http://localhost:3000/
Filter chain halted as :require_no_authentication rendered or redirected
Completed 302 Found in 3ms (ActiveRecord: 0.1ms | Allocations: 1602)


Started GET "/" for ::1 at 2024-01-18 22:09:27 -0500
Processing by HomeController#index as HTML
  Rendering layout layouts/application.html.erb
  Rendering home/index.html.erb within layouts/application
  Rendered home/index.html.erb within layouts/application (Duration: 0.2ms | Allocations: 34)
  Rendered C:/Ruby32-x64/lib/ruby/gems/3.2.0/gems/hotwire-livereload-1.3.1/app/views/hotwire/livereload/_head_action_cable.html.erb (Duration: 1.8ms | Allocations: 815)
  Rendered layout layouts/application.html.erb (Duration: 39.3ms | Allocations: 11688)
Completed 200 OK in 44ms (Views: 41.0ms | ActiveRecord: 0.0ms | Allocations: 11963)


Finished "/cable" [WebSocket] for ::1 at 2024-01-18 22:09:28 -0500
Hotwire::Livereload::ReloadChannel stopped streaming from hotwire-reload
Started GET "/cable" for ::1 at 2024-01-18 22:09:28 -0500
Started GET "/cable" [WebSocket] for ::1 at 2024-01-18 22:09:28 -0500
Successfully upgraded to WebSocket (REQUEST_METHOD: GET, HTTP_CONNECTION: Upgrade, HTTP_UPGRADE: websocket)
Started GET "/admins/sign_in" for ::1 at 2024-01-18 22:09:33 -0500
Processing by Devise::SessionsController#new as HTML
  Rendering layout layouts/application.html.erb
  Rendering C:/Ruby32-x64/lib/ruby/gems/3.2.0/gems/devise-4.9.3/app/views/devise/sessions/new.html.erb within layouts/application
  Rendered C:/Ruby32-x64/lib/ruby/gems/3.2.0/gems/devise-4.9.3/app/views/devise/shared/_links.html.erb (Duration: 1.3ms | Allocations: 583)
  Rendered C:/Ruby32-x64/lib/ruby/gems/3.2.0/gems/devise-4.9.3/app/views/devise/sessions/new.html.erb within layouts/application (Duration: 124.3ms | Allocations: 3378)
  Rendered C:/Ruby32-x64/lib/ruby/gems/3.2.0/gems/hotwire-livereload-1.3.1/app/views/hotwire/livereload/_head_action_cable.html.erb (Duration: 2.1ms | Allocations: 820)
  Rendered layout layouts/application.html.erb (Duration: 162.8ms | Allocations: 14803)
Completed 200 OK in 190ms (Views: 177.6ms | ActiveRecord: 0.0ms | Allocations: 16373)


Started GET "/cable" for ::1 at 2024-01-18 22:09:35 -0500
Started GET "/cable" [WebSocket] for ::1 at 2024-01-18 22:09:35 -0500
Successfully upgraded to WebSocket (REQUEST_METHOD: GET, HTTP_CONNECTION: Upgrade, HTTP_UPGRADE: websocket)
Hotwire::Livereload::ReloadChannel is transmitting the subscription confirmation
Hotwire::Livereload::ReloadChannel is streaming from hotwire-reload
Started POST "/admins/sign_in" for ::1 at 2024-01-18 22:09:59 -0500
Processing by Devise::SessionsController#create as TURBO_STREAM
  Parameters: {"authenticity_token"=>"[FILTERED]", "admin"=>{"email"=>"admin@example.com", "password"=>"[FILTERED]", "remember_me"=>"0"}, "commit"=>"Log in"}
  [1m[36mAdmin Load (0.2ms)[0m  [1m[34mSELECT "admins".* FROM "admins" WHERE "admins"."email" = ? ORDER BY "admins"."id" ASC LIMIT ?[0m  [["email", "admin@example.com"], ["LIMIT", 1]]
Redirected to http://localhost:3000/
Completed 303 See Other in 288ms (ActiveRecord: 0.2ms | Allocations: 4082)


Started GET "/" for ::1 at 2024-01-18 22:09:59 -0500
Processing by HomeController#index as TURBO_STREAM
  Rendering layout layouts/application.html.erb
  Rendering home/index.html.erb within layouts/application
  Rendered home/index.html.erb within layouts/application (Duration: 0.1ms | Allocations: 34)
  Rendered C:/Ruby32-x64/lib/ruby/gems/3.2.0/gems/hotwire-livereload-1.3.1/app/views/hotwire/livereload/_head_action_cable.html.erb (Duration: 2.5ms | Allocations: 815)
  Rendered layout layouts/application.html.erb (Duration: 40.1ms | Allocations: 11651)
Completed 200 OK in 45ms (Views: 41.9ms | ActiveRecord: 0.0ms | Allocations: 11960)


Finished "/cable" [WebSocket] for ::1 at 2024-01-18 22:10:09 -0500
Hotwire::Livereload::ReloadChannel stopped streaming from hotwire-reload
Finished "/cable" [WebSocket] for ::1 at 2024-01-18 22:10:11 -0500
Hotwire::Livereload::ReloadChannel stopped streaming from hotwire-reload
